

================================================================
== Vitis HLS Report for 'convex_hull_accel_Pipeline_VITIS_LOOP_63_5_VITIS_LOOP_65_6'
================================================================
* Date:           Mon Jun 23 18:38:52 2025

* Version:        2023.2 (Build 4023990 on Oct 11 2023)
* Project:        convex_hull.prj
* Solution:       sol1 (Vivado IP Flow Target)
* Product family: zynq
* Target device:  xc7z020-clg400-1


================================================================
== Performance Estimates
================================================================
+ Timing: 
    * Summary: 
    +--------+----------+----------+------------+
    |  Clock |  Target  | Estimated| Uncertainty|
    +--------+----------+----------+------------+
    |ap_clk  |  10.00 ns|  5.253 ns|     2.70 ns|
    +--------+----------+----------+------------+

+ Latency: 
    * Summary: 
    +---------+---------+-----------+----------+-----+-------+---------+
    |  Latency (cycles) |  Latency (absolute)  |   Interval  | Pipeline|
    |   min   |   max   |    min    |    max   | min |  max  |   Type  |
    +---------+---------+-----------+----------+-----+-------+---------+
    |        3|    16386|  30.000 ns|  0.164 ms|    3|  16386|       no|
    +---------+---------+-----------+----------+-----+-------+---------+

    + Detail: 
        * Instance: 
        N/A

        * Loop: 
        +-----------------------------------+---------+---------+----------+-----------+-----------+-----------+----------+
        |                                   |  Latency (cycles) | Iteration|  Initiation Interval  |    Trip   |          |
        |             Loop Name             |   min   |   max   |  Latency |  achieved |   target  |   Count   | Pipelined|
        +-----------------------------------+---------+---------+----------+-----------+-----------+-----------+----------+
        |- VITIS_LOOP_63_5_VITIS_LOOP_65_6  |        1|    16384|         2|          1|          1|  1 ~ 16384|       yes|
        +-----------------------------------+---------+---------+----------+-----------+-----------+-----------+----------+

============================================================
+ Verbose Summary: Synthesis Manager
============================================================
InlineROM: 1
ExposeGlobal: 0
============================================================
+ Verbose Summary: CDFG Model
============================================================
IsTopModel: 0
ResetActiveHigh: 1
IsCombinational: 0
IsDatapathOnly: 0
HasWiredReturn: 1
HasMFsm: 2
HasVarLatency: 1
IsPipeline: 0
IsRtlPipelined: 0
IsInstanceOverlapped: 0
IsDontTouch: 0
HasImplIP: 0
IsGatedGlobalClock: 0

+ Individual pipeline summary: 
  * Pipeline-0: initiation interval (II) = 1, depth = 2


============================================================
+ Verbose Summary: Schedule
============================================================
* Number of FSM states : 2
* Pipeline : 1
  Pipeline-0 : II = 1, D = 2, States = { 1 2 }
* Dataflow Pipeline: 0

* FSM state transitions: 
1 --> 2 
2 --> 

* FSM state operations: 

State 1 <SV = 0> <Delay = 5.25>
ST_1 : Operation 5 [1/1] (0.00ns)   --->   "%indvar_flatten16 = alloca i32 1"   --->   Operation 5 'alloca' 'indvar_flatten16' <Predicate = true> <Delay = 0.00>
ST_1 : Operation 6 [1/1] (0.00ns)   --->   "%specinterface_ln0 = specinterface void @_ssdm_op_SpecInterface, i8 %out_img_data, void @empty_8, i32 0, i32 0, void @empty_16, i32 0, i32 0, void @empty_16, void @empty_16, void @empty_16, i32 0, i32 0, i32 0, i32 0, void @empty_16, void @empty_16, i32 4294967295, i32 0"   --->   Operation 6 'specinterface' 'specinterface_ln0' <Predicate = true> <Delay = 0.00>
ST_1 : Operation 7 [1/1] (0.00ns)   --->   "%bound_read = read i16 @_ssdm_op_Read.ap_auto.i16, i16 %bound"   --->   Operation 7 'read' 'bound_read' <Predicate = true> <Delay = 0.00>
ST_1 : Operation 8 [1/1] (1.58ns)   --->   "%store_ln0 = store i16 0, i16 %indvar_flatten16"   --->   Operation 8 'store' 'store_ln0' <Predicate = true> <Delay = 1.58>
ST_1 : Operation 9 [1/1] (0.00ns)   --->   "%br_ln0 = br void %for.inc47"   --->   Operation 9 'br' 'br_ln0' <Predicate = true> <Delay = 0.00>
ST_1 : Operation 10 [1/1] (0.00ns)   --->   "%indvar_flatten16_load = load i16 %indvar_flatten16" [./accel.cpp:63]   --->   Operation 10 'load' 'indvar_flatten16_load' <Predicate = true> <Delay = 0.00>
ST_1 : Operation 11 [1/1] (2.07ns)   --->   "%icmp_ln63 = icmp_eq  i16 %indvar_flatten16_load, i16 %bound_read" [./accel.cpp:63]   --->   Operation 11 'icmp' 'icmp_ln63' <Predicate = true> <Delay = 2.07> <CoreInst = "Cmp">   --->   Core 9 'Cmp' <Latency = 0> <II = 1> <Delay = 2.07> <FuncUnit> <Opcode : 'icmp'> <InPorts = 2> <OutPorts = 1>
ST_1 : Operation 12 [1/1] (2.07ns)   --->   "%add_ln63 = add i16 %indvar_flatten16_load, i16 1" [./accel.cpp:63]   --->   Operation 12 'add' 'add_ln63' <Predicate = true> <Delay = 2.07> <CoreInst = "Adder">   --->   Core 1 'Adder' <Latency = 0> <II = 1> <Delay = 2.07> <FuncUnit> <Opcode : 'add' 'sub'> <InPorts = 2> <OutPorts = 1>
ST_1 : Operation 13 [1/1] (0.00ns)   --->   "%br_ln63 = br i1 %icmp_ln63, void %for.inc50.loopexit, void %for.body57.lr.ph.exitStub" [./accel.cpp:63]   --->   Operation 13 'br' 'br_ln63' <Predicate = true> <Delay = 0.00>
ST_1 : Operation 14 [1/1] (1.58ns)   --->   "%store_ln63 = store i16 %add_ln63, i16 %indvar_flatten16" [./accel.cpp:63]   --->   Operation 14 'store' 'store_ln63' <Predicate = (!icmp_ln63)> <Delay = 1.58>
ST_1 : Operation 20 [1/1] (0.00ns)   --->   "%ret_ln0 = ret"   --->   Operation 20 'ret' 'ret_ln0' <Predicate = (icmp_ln63)> <Delay = 0.00>

State 2 <SV = 1> <Delay = 3.63>
ST_2 : Operation 15 [1/1] (0.00ns)   --->   "%specloopname_ln0 = specloopname void @_ssdm_op_SpecLoopName, void @VITIS_LOOP_63_5_VITIS_LOOP_65_6_str"   --->   Operation 15 'specloopname' 'specloopname_ln0' <Predicate = true> <Delay = 0.00>
ST_2 : Operation 16 [1/1] (0.00ns)   --->   "%speclooptripcount_ln0 = speclooptripcount void @_ssdm_op_SpecLoopTripCount, i64 1, i64 16384, i64 4096"   --->   Operation 16 'speclooptripcount' 'speclooptripcount_ln0' <Predicate = true> <Delay = 0.00>
ST_2 : Operation 17 [1/1] (0.00ns)   --->   "%specpipeline_ln67 = specpipeline void @_ssdm_op_SpecPipeline, i32 1, i32 0, i32 0, i32 0, void @empty_16" [./accel.cpp:67]   --->   Operation 17 'specpipeline' 'specpipeline_ln67' <Predicate = true> <Delay = 0.00>
ST_2 : Operation 18 [1/1] (3.63ns)   --->   "%write_ln553 = write void @_ssdm_op_Write.ap_fifo.volatile.i8P0A, i8 %out_img_data, i8 0" [D:/Xilinx/Vitis_Libraries/vision/L1/include/common/xf_structs.hpp:553->./accel.cpp:68]   --->   Operation 18 'write' 'write_ln553' <Predicate = true> <Delay = 3.63> <CoreInst = "FIFO_SRL">   --->   Core 81 'FIFO_SRL' <Latency = 0> <II = 1> <Delay = 3.63> <Storage> <Opcode : 'read' 'write' 'nbread' 'nbwrite'> <Ports = 0> <Width = 8> <Depth = 2> <FIFO>
ST_2 : Operation 19 [1/1] (0.00ns)   --->   "%br_ln65 = br void %for.inc47" [./accel.cpp:65]   --->   Operation 19 'br' 'br_ln65' <Predicate = true> <Delay = 0.00>


============================================================
+ Verbose Summary: Binding
============================================================
STG Binding: 
---------------- STG Properties BEGIN ----------------
- Is combinational: 0
- Is one-state seq: 0
- Is datapath-only: 0
- Is pipelined: 0
- Is top level: 0
Port [ Return ] is wired: 1; IO mode=ap_ctrl_hs:ce=0
Port [ bound]:  wired=1; compound=0; hidden=0; nouse=0; global=0; static=0; extern=0; dir=0; type=0; pingpong=0; private_global=0; IO mode=ap_none:ce=0
Port [ out_img_data]:  wired=1; compound=1; hidden=0; nouse=0; global=0; static=0; extern=0; dir=1; type=3; pingpong=0; private_global=0; IO mode=ap_fifo:ce=0
---------------- STG Properties END ------------------

---------------- Datapath Model BEGIN ----------------

<LifeTime>
<method=bitvector/>
indvar_flatten16      (alloca           ) [ 010]
specinterface_ln0     (specinterface    ) [ 000]
bound_read            (read             ) [ 000]
store_ln0             (store            ) [ 000]
br_ln0                (br               ) [ 000]
indvar_flatten16_load (load             ) [ 000]
icmp_ln63             (icmp             ) [ 010]
add_ln63              (add              ) [ 000]
br_ln63               (br               ) [ 000]
store_ln63            (store            ) [ 000]
specloopname_ln0      (specloopname     ) [ 000]
speclooptripcount_ln0 (speclooptripcount) [ 000]
specpipeline_ln67     (specpipeline     ) [ 000]
write_ln553           (write            ) [ 000]
br_ln65               (br               ) [ 000]
ret_ln0               (ret              ) [ 000]
</LifeTime>

<model>

<comp_list>
<comp id="0" class="1000" name="bound">
<pin_list>
<pin id="1" dir="1" index="0" bw="1" slack="0"/>
</pin_list>
<bind>
<StgValue><ssdm name="bound"/></StgValue>
</bind>
</comp>

<comp id="2" class="1000" name="out_img_data">
<pin_list>
<pin id="3" dir="1" index="0" bw="1" slack="0"/>
</pin_list>
<bind>
<StgValue><ssdm name="out_img_data"/></StgValue>
</bind>
</comp>

<comp id="4" class="1001" name="const_4">
<pin_list>
<pin id="5" dir="1" index="0" bw="1" slack="0"/>
</pin_list>
<bind>
<StgValue><ssdm name=""/></StgValue>
</bind>
</comp>

<comp id="6" class="1001" name="const_6">
<pin_list>
<pin id="7" dir="1" index="0" bw="1" slack="2147483647"/>
</pin_list>
<bind>
<StgValue><ssdm name="_ssdm_op_SpecInterface"/></StgValue>
</bind>
</comp>

<comp id="8" class="1001" name="const_8">
<pin_list>
<pin id="9" dir="1" index="0" bw="1" slack="2147483647"/>
</pin_list>
<bind>
<StgValue><ssdm name="empty_8"/></StgValue>
</bind>
</comp>

<comp id="10" class="1001" name="const_10">
<pin_list>
<pin id="11" dir="1" index="0" bw="1" slack="2147483647"/>
</pin_list>
<bind>
<StgValue><ssdm name=""/></StgValue>
</bind>
</comp>

<comp id="12" class="1001" name="const_12">
<pin_list>
<pin id="13" dir="1" index="0" bw="1" slack="2147483647"/>
</pin_list>
<bind>
<StgValue><ssdm name="empty_16"/></StgValue>
</bind>
</comp>

<comp id="14" class="1001" name="const_14">
<pin_list>
<pin id="15" dir="1" index="0" bw="1" slack="2147483647"/>
</pin_list>
<bind>
<StgValue><ssdm name=""/></StgValue>
</bind>
</comp>

<comp id="16" class="1001" name="const_16">
<pin_list>
<pin id="17" dir="1" index="0" bw="1" slack="0"/>
</pin_list>
<bind>
<StgValue><ssdm name="_ssdm_op_Read.ap_auto.i16"/></StgValue>
</bind>
</comp>

<comp id="18" class="1001" name="const_18">
<pin_list>
<pin id="19" dir="1" index="0" bw="1" slack="0"/>
</pin_list>
<bind>
<StgValue><ssdm name=""/></StgValue>
</bind>
</comp>

<comp id="20" class="1001" name="const_20">
<pin_list>
<pin id="21" dir="1" index="0" bw="1" slack="0"/>
</pin_list>
<bind>
<StgValue><ssdm name=""/></StgValue>
</bind>
</comp>

<comp id="22" class="1001" name="const_22">
<pin_list>
<pin id="23" dir="1" index="0" bw="1" slack="2147483647"/>
</pin_list>
<bind>
<StgValue><ssdm name="_ssdm_op_SpecLoopName"/></StgValue>
</bind>
</comp>

<comp id="24" class="1001" name="const_24">
<pin_list>
<pin id="25" dir="1" index="0" bw="1" slack="2147483647"/>
</pin_list>
<bind>
<StgValue><ssdm name="VITIS_LOOP_63_5_VITIS_LOOP_65_6_str"/></StgValue>
</bind>
</comp>

<comp id="26" class="1001" name="const_26">
<pin_list>
<pin id="27" dir="1" index="0" bw="1" slack="2147483647"/>
</pin_list>
<bind>
<StgValue><ssdm name="_ssdm_op_SpecLoopTripCount"/></StgValue>
</bind>
</comp>

<comp id="28" class="1001" name="const_28">
<pin_list>
<pin id="29" dir="1" index="0" bw="1" slack="2147483647"/>
</pin_list>
<bind>
<StgValue><ssdm name=""/></StgValue>
</bind>
</comp>

<comp id="30" class="1001" name="const_30">
<pin_list>
<pin id="31" dir="1" index="0" bw="1" slack="2147483647"/>
</pin_list>
<bind>
<StgValue><ssdm name=""/></StgValue>
</bind>
</comp>

<comp id="32" class="1001" name="const_32">
<pin_list>
<pin id="33" dir="1" index="0" bw="1" slack="2147483647"/>
</pin_list>
<bind>
<StgValue><ssdm name=""/></StgValue>
</bind>
</comp>

<comp id="34" class="1001" name="const_34">
<pin_list>
<pin id="35" dir="1" index="0" bw="1" slack="2147483647"/>
</pin_list>
<bind>
<StgValue><ssdm name="_ssdm_op_SpecPipeline"/></StgValue>
</bind>
</comp>

<comp id="36" class="1001" name="const_36">
<pin_list>
<pin id="37" dir="1" index="0" bw="1" slack="0"/>
</pin_list>
<bind>
<StgValue><ssdm name="_ssdm_op_Write.ap_fifo.volatile.i8P0A"/></StgValue>
</bind>
</comp>

<comp id="38" class="1001" name="const_38">
<pin_list>
<pin id="39" dir="1" index="0" bw="1" slack="0"/>
</pin_list>
<bind>
<StgValue><ssdm name=""/></StgValue>
</bind>
</comp>

<comp id="40" class="1004" name="indvar_flatten16_fu_40">
<pin_list>
<pin id="41" dir="0" index="0" bw="1" slack="0"/>
<pin id="42" dir="1" index="1" bw="16" slack="0"/>
</pin_list>
<bind>
<opcode="alloca(26) " fcode="alloca"/>
<opset="indvar_flatten16/1 "/>
</bind>
</comp>

<comp id="44" class="1004" name="bound_read_read_fu_44">
<pin_list>
<pin id="45" dir="0" index="0" bw="16" slack="0"/>
<pin id="46" dir="0" index="1" bw="16" slack="0"/>
<pin id="47" dir="1" index="2" bw="16" slack="0"/>
</pin_list>
<bind>
<opcode="read(1150) " fcode="read"/>
<opset="bound_read/1 "/>
</bind>
</comp>

<comp id="50" class="1004" name="write_ln553_write_fu_50">
<pin_list>
<pin id="51" dir="0" index="0" bw="0" slack="0"/>
<pin id="52" dir="0" index="1" bw="8" slack="0"/>
<pin id="53" dir="0" index="2" bw="1" slack="0"/>
<pin id="54" dir="1" index="3" bw="0" slack="2147483647"/>
</pin_list>
<bind>
<opcode="write(1151) " fcode="write"/>
<opset="write_ln553/2 "/>
</bind>
</comp>

<comp id="58" class="1004" name="store_ln0_store_fu_58">
<pin_list>
<pin id="59" dir="0" index="0" bw="1" slack="0"/>
<pin id="60" dir="0" index="1" bw="16" slack="0"/>
<pin id="61" dir="1" index="2" bw="0" slack="2147483647"/>
</pin_list>
<bind>
<opcode="store(28) " fcode="store"/>
<opset="store_ln0/1 "/>
</bind>
</comp>

<comp id="63" class="1004" name="indvar_flatten16_load_load_fu_63">
<pin_list>
<pin id="64" dir="0" index="0" bw="16" slack="0"/>
<pin id="65" dir="1" index="1" bw="16" slack="0"/>
</pin_list>
<bind>
<opcode="load(27) " fcode="load"/>
<opset="indvar_flatten16_load/1 "/>
</bind>
</comp>

<comp id="66" class="1004" name="icmp_ln63_fu_66">
<pin_list>
<pin id="67" dir="0" index="0" bw="16" slack="0"/>
<pin id="68" dir="0" index="1" bw="16" slack="0"/>
<pin id="69" dir="1" index="2" bw="1" slack="2147483647"/>
</pin_list>
<bind>
<opcode="icmp(45) " fcode="icmp"/>
<opset="icmp_ln63/1 "/>
</bind>
</comp>

<comp id="72" class="1004" name="add_ln63_fu_72">
<pin_list>
<pin id="73" dir="0" index="0" bw="16" slack="0"/>
<pin id="74" dir="0" index="1" bw="1" slack="0"/>
<pin id="75" dir="1" index="2" bw="16" slack="0"/>
</pin_list>
<bind>
<opcode="add(8) " fcode="add"/>
<opset="add_ln63/1 "/>
</bind>
</comp>

<comp id="78" class="1004" name="store_ln63_store_fu_78">
<pin_list>
<pin id="79" dir="0" index="0" bw="16" slack="0"/>
<pin id="80" dir="0" index="1" bw="16" slack="0"/>
<pin id="81" dir="1" index="2" bw="0" slack="2147483647"/>
</pin_list>
<bind>
<opcode="store(28) " fcode="store"/>
<opset="store_ln63/1 "/>
</bind>
</comp>

<comp id="83" class="1005" name="indvar_flatten16_reg_83">
<pin_list>
<pin id="84" dir="0" index="0" bw="16" slack="0"/>
<pin id="85" dir="1" index="1" bw="16" slack="0"/>
</pin_list>
<bind>
<opset="indvar_flatten16 "/>
</bind>
</comp>

</comp_list>

<net_list>
<net id="43"><net_src comp="4" pin="0"/><net_sink comp="40" pin=0"/></net>

<net id="48"><net_src comp="16" pin="0"/><net_sink comp="44" pin=0"/></net>

<net id="49"><net_src comp="0" pin="0"/><net_sink comp="44" pin=1"/></net>

<net id="55"><net_src comp="36" pin="0"/><net_sink comp="50" pin=0"/></net>

<net id="56"><net_src comp="2" pin="0"/><net_sink comp="50" pin=1"/></net>

<net id="57"><net_src comp="38" pin="0"/><net_sink comp="50" pin=2"/></net>

<net id="62"><net_src comp="18" pin="0"/><net_sink comp="58" pin=0"/></net>

<net id="70"><net_src comp="63" pin="1"/><net_sink comp="66" pin=0"/></net>

<net id="71"><net_src comp="44" pin="2"/><net_sink comp="66" pin=1"/></net>

<net id="76"><net_src comp="63" pin="1"/><net_sink comp="72" pin=0"/></net>

<net id="77"><net_src comp="20" pin="0"/><net_sink comp="72" pin=1"/></net>

<net id="82"><net_src comp="72" pin="2"/><net_sink comp="78" pin=0"/></net>

<net id="86"><net_src comp="40" pin="1"/><net_sink comp="83" pin=0"/></net>

<net id="87"><net_src comp="83" pin="1"/><net_sink comp="58" pin=1"/></net>

<net id="88"><net_src comp="83" pin="1"/><net_sink comp="63" pin=0"/></net>

<net id="89"><net_src comp="83" pin="1"/><net_sink comp="78" pin=1"/></net>

</net_list>

</model> 
---------------- Datapath Model END ------------------

* FSMD analyzer results:
  - Output states:
	Port: out_img_data | {2 }
 - Input state : 
	Port: convex_hull_accel_Pipeline_VITIS_LOOP_63_5_VITIS_LOOP_65_6 : bound | {1 }
  - Chain level:
	State 1
		store_ln0 : 1
		indvar_flatten16_load : 1
		icmp_ln63 : 2
		add_ln63 : 2
		br_ln63 : 3
		store_ln63 : 3
	State 2


============================================================
+ Verbose Summary: Datapath Resource usage 
============================================================

* Functional unit list:
|----------|-------------------------|---------|---------|
| Operation|     Functional Unit     |    FF   |   LUT   |
|----------|-------------------------|---------|---------|
|   icmp   |     icmp_ln63_fu_66     |    0    |    23   |
|----------|-------------------------|---------|---------|
|    add   |      add_ln63_fu_72     |    0    |    23   |
|----------|-------------------------|---------|---------|
|   read   |  bound_read_read_fu_44  |    0    |    0    |
|----------|-------------------------|---------|---------|
|   write  | write_ln553_write_fu_50 |    0    |    0    |
|----------|-------------------------|---------|---------|
|   Total  |                         |    0    |    46   |
|----------|-------------------------|---------|---------|

Memories:
N/A

* Register list:
+-----------------------+--------+
|                       |   FF   |
+-----------------------+--------+
|indvar_flatten16_reg_83|   16   |
+-----------------------+--------+
|         Total         |   16   |
+-----------------------+--------+

* Multiplexer (MUX) list: 
|--------|------|------|------|--------|
|  Comp  |  Pin | Size |  BW  | S x BW |
|--------|------|------|------|--------|
|  Total |      |      |      |    0   |
|--------|------|------|------|--------|



* Summary:
+-----------+--------+--------+
|           |   FF   |   LUT  |
+-----------+--------+--------+
|  Function |    0   |   46   |
|   Memory  |    -   |    -   |
|Multiplexer|    -   |    -   |
|  Register |   16   |    -   |
+-----------+--------+--------+
|   Total   |   16   |   46   |
+-----------+--------+--------+
